app/proguard-rules.pro
# Add project specific ProGuard rules here.

# Keep Hilt generated classes
-keep class dagger.hilt.** { *; }
-keep class javax.inject.** { *; }

# Keep Room entities
-keep class com.libowen.fakecall.data.** { *; }

# Keep Kotlin coroutines
-keepnames class kotlinx.coroutines.internal.MainDispatcherFactory {}
-keepnames class kotlinx.coroutines.CoroutineExceptionHandler {}

# Coil
-dontwarn okhttp3.**
-dontwarn okio.**