app/build/outputs/mapping/release/seeds.txt
com.libowen.fakecall.data.db.dao.CallerDao_Impl$1
com.libowen.fakecall.ui.call.CallEndedActivity
com.libowen.fakecall.data.datastore.SettingsDataStore$setDefaultDelayMs$2
com.libowen.fakecall.data.datastore.SettingsDataStore$Keys
com.libowen.fakecall.data.datastore.SettingsDataStore$special$$inlined$map$4$2$1
com.libowen.fakecall.ui.call.IncomingCallActivity
com.libowen.fakecall.system.FakeCallReceiver
com.libowen.fakecall.data.repository.CallerRepositoryImpl
com.libowen.fakecall.data.datastore.SettingsDataStore$special$$inlined$map$2$2$1
com.libowen.fakecall.data.repository.CallerRepositoryImpl_Factory
com.libowen.fakecall.data.datastore.SettingsDataStore$special$$inlined$map$2$2
com.libowen.fakecall.ui.call.IncomingCallActivity_GeneratedInjector
com.libowen.fakecall.data.datastore.SettingsDataStore$special$$inlined$map$2
com.libowen.fakecall.FakeCallApp
com.libowen.fakecall.ui.MainActivity_GeneratedInjector
com.libowen.fakecall.data.datastore.SettingsDataStore$special$$inlined$map$3$2
com.libowen.fakecall.FakeCallApp_GeneratedInjector
com.libowen.fakecall.data.datastore.SettingsDataStore
com.libowen.fakecall.data.datastore.SettingsDataStore$special$$inlined$map$4$2
com.libowen.fakecall.data.repository.SettingsRepositoryImpl_Factory
com.libowen.fakecall.data.db.dao.CallerDao_Impl$2
com.libowen.fakecall.data.db.AppDatabase
com.libowen.fakecall.data.datastore.SettingsDataStore$setFakeAudioEnabled$2
com.libowen.fakecall.system.FakeCallService_GeneratedInjector
com.libowen.fakecall.data.datastore.SettingsDataStore$special$$inlined$map$3
com.libowen.fakecall.data.db.dao.CallerDao_Impl
com.libowen.fakecall.data.repository.SettingsRepositoryImpl
com.libowen.fakecall.system.FakeCallReceiver_GeneratedInjector
com.libowen.fakecall.data.db.dao.CallerDao_Impl$3
com.libowen.fakecall.ui.call.InCallActivity_GeneratedInjector
com.libowen.fakecall.data.mapper.CallerMapperKt
com.libowen.fakecall.data.datastore.SettingsDataStore$special$$inlined$map$1
com.libowen.fakecall.data.db.dao.CallerDao_Impl$Companion
com.libowen.fakecall.data.datastore.SettingsDataStoreKt
com.libowen.fakecall.data.db.AppDatabase_Impl$createOpenDelegate$_openDelegate$1
com.libowen.fakecall.data.repository.CallerRepositoryImpl$getAll$$inlined$map$1$2
com.libowen.fakecall.ui.MainActivity
com.libowen.fakecall.system.FakeCallService
com.libowen.fakecall.data.repository.CallerRepositoryImpl$getDefault$$inlined$map$1$2
com.libowen.fakecall.data.db.dao.CallerDao
com.libowen.fakecall.data.datastore.SettingsDataStore_Factory
com.libowen.fakecall.data.datastore.SettingsDataStore$special$$inlined$map$3$2$1
com.libowen.fakecall.ui.call.CallEndedActivity_GeneratedInjector
com.libowen.fakecall.data.datastore.SettingsDataStore$setRingtoneUri$2
com.libowen.fakecall.data.repository.CallerRepositoryImpl$getAll$$inlined$map$1
com.libowen.fakecall.data.repository.CallerRepositoryImpl$getDefault$$inlined$map$1
com.libowen.fakecall.data.datastore.SettingsDataStore$special$$inlined$map$4
com.libowen.fakecall.data.repository.CallerRepositoryImpl$getDefault$$inlined$map$1$2$1
com.libowen.fakecall.data.db.AppDatabase_Impl
com.libowen.fakecall.data.datastore.SettingsDataStore$special$$inlined$map$1$2$1
com.libowen.fakecall.ui.call.InCallActivity
com.libowen.fakecall.data.datastore.SettingsDataStore$special$$inlined$map$1$2
com.libowen.fakecall.ui.home.HomeViewModel
com.libowen.fakecall.data.repository.CallerRepositoryImpl$getAll$$inlined$map$1$2$1
com.libowen.fakecall.data.datastore.SettingsDataStore$setScheduled$2
com.libowen.fakecall.data.db.entity.CallerEntity
com.libowen.fakecall.ui.contacts.ContactsViewModel
com.libowen.fakecall.system.BootReceiver
com.libowen.fakecall.data.repository.CallerRepositoryImpl$setDefault$1
com.libowen.fakecall.data.datastore.SettingsDataStore$special$$inlined$map$3$2: kotlinx.coroutines.flow.FlowCollector $this_unsafeFlow
com.libowen.fakecall.data.db.entity.CallerEntity: java.lang.String id
...
androidx.recyclerview.widget.RecyclerView: androidx.recyclerview.widget.RecyclerView$EdgeEffectFactory getEdgeEffectFactory()
androidx.core.view.WindowInsetsCompat$Impl30: WindowInsetsCompat$Impl30(androidx.core.view.WindowInsetsCompat,androidx.core.view.WindowInsetsCompat$Impl30)
androidx.core.view.ViewCompat$Api26Impl: void setNextClusterForwardId(android.view.View,int)
androidx.compose.material3.InputPhase: androidx.compose.material3.InputPhase valueOf(java.lang.String)
dagger.hilt.android.internal.lifecycle.HiltViewModelFactory: androidx.lifecycle.ViewModelProvider$Factory createInternal(android.app.Activity,androidx.savedstate.SavedStateRegistryOwner,android.os.Bundle,androidx.lifecycle.ViewModelProvider$Factory)
dagger.hilt.android.internal.managers.ActivityRetainedComponentManager$ActivityRetainedComponentViewModel: ActivityRetainedComponentManager$ActivityRetainedComponentViewModel(dagger.hilt.android.components.ActivityRetainedComponent,dagger.hilt.android.internal.managers.SavedStateHandleHolder)
androidx.appcompat.widget.SearchView: java.lang.CharSequence getQuery()
androidx.core.widget.TextViewCompat$Api28Impl: void setFirstBaselineToTopHeight(android.widget.TextView,int)
androidx.core.view.WindowInsetsCompat$BuilderImpl20: androidx.core.view.WindowInsetsCompat build()
com.google.android.material.chip.Chip: void setChipIconTintResource(int)
androidx.room.EntityInsertAdapter: java.lang.Long[] insertAndReturnIdsArrayBox(androidx.sqlite.SQLiteConnection,java.lang.Object[])
androidx.appcompat.view.menu.ActionMenuItemView: void setItemInvoker(androidx.appcompat.view.menu.MenuBuilder$ItemInvoker)
androidx.compose.ui.platform.ViewLayerVerificationHelper31: void setRenderEffect(android.view.View,androidx.compose.ui.graphics.RenderEffect)
androidx.core.view.WindowInsetsCompat$Impl29: androidx.core.graphics.Insets getSystemGestureInsets()
dagger.hilt.android.internal.builders.ActivityComponentBuilder: dagger.hilt.android.internal.builders.ActivityComponentBuilder activity(android.app.Activity)
com.google.android.material.button.MaterialButton: void setCornerRadius(int)
androidx.compose.material.ripple.RippleHostView: void setRippleState(boolean)
com.google.android.material.button.MaterialButton: android.graphics.PorterDuff$Mode getBackgroundTintMode()
com.google.android.material.chip.Chip: void setCloseIconResource(int)
androidx.appcompat.widget.Toolbar$Api33Impl: void tryRegisterOnBackInvokedCallback(java.lang.Object,java.lang.Object)
com.google.android.material.textfield.TextInputLayout: android.widget.ImageView$ScaleType getEndIconScaleType()
dagger.hilt.internal.componenttreedeps.ComponentTreeDeps: java.lang.Class[] defineComponentDeps()
androidx.datastore.preferences.protobuf.Writer$FieldOrder: androidx.datastore.preferences.protobuf.Writer$FieldOrder valueOf(java.lang.String)
androidx.core.widget.TextViewCompat$Api23Impl: int getBreakStrategy(android.widget.TextView)
androidx.appcompat.widget.AppCompatTextHelper$Api17Impl: void setTextLocale(android.widget.TextView,java.util.Locale)
androidx.core.view.DisplayCutoutCompat$Api30Impl: android.graphics.Insets getWaterfallInsets(android.view.DisplayCutout)
androidx.compose.foundation.text.HandleState: androidx.compose.foundation.text.HandleState[] values()
androidx.compose.ui.node.LayoutNode$UsageByParent: androidx.compose.ui.node.LayoutNode$UsageByParent[] values()
androidx.appcompat.widget.AppCompatTextView: void setAutoSizeTextTypeWithDefaults(int)
com.google.android.material.textfield.TextInputLayout: java.lang.CharSequence getPasswordVisibilityToggleContentDescription()
androidx.appcompat.widget.AppCompatButton: void setAllCaps(boolean)
androidx.compose.material3.tokens.TypographyKeyTokens: androidx.compose.material3.tokens.TypographyKeyTokens valueOf(java.lang.String)
com.google.android.material.textfield.TextInputLayout: android.content.res.ColorStateList getCursorColor()