app/build/outputs/mapping/release/usage.txt
com.libowen.fakecall.DaggerFakeCallApp_HiltComponents_SingletonC:
    private void <init>()
com.libowen.fakecall.FakeCallApp_ComponentTreeDeps
com.libowen.fakecall.FakeCallApp_HiltComponents$ActivityC$Builder
com.libowen.fakecall.FakeCallApp_HiltComponents$ActivityCBuilderModule
com.libowen.fakecall.FakeCallApp_HiltComponents$ActivityRetainedC$Builder
com.libowen.fakecall.FakeCallApp_HiltComponents$ActivityRetainedCBuilderModule
com.libowen.fakecall.FakeCallApp_HiltComponents$FragmentC$Builder
com.libowen.fakecall.FakeCallApp_HiltComponents$FragmentCBuilderModule
com.libowen.fakecall.FakeCallApp_HiltComponents$ServiceC$Builder
com.libowen.fakecall.FakeCallApp_HiltComponents$ServiceCBuilderModule
com.libowen.fakecall.FakeCallApp_HiltComponents$ViewC$Builder
com.libowen.fakecall.FakeCallApp_HiltComponents$ViewCBuilderModule
com.libowen.fakecall.FakeCallApp_HiltComponents$ViewModelC$Builder
com.libowen.fakecall.FakeCallApp_HiltComponents$ViewModelCBuilderModule
com.libowen.fakecall.FakeCallApp_HiltComponents$ViewWithFragmentC$Builder
com.libowen.fakecall.FakeCallApp_HiltComponents$ViewWithFragmentCBuilderModule
com.libowen.fakecall.FakeCallApp_HiltComponents
com.libowen.fakecall.R$color
com.libowen.fakecall.R$drawable:
    public static int ic_launcher_background
    public static int ic_launcher_foreground
    private void <init>()
com.libowen.fakecall.R$mipmap
com.libowen.fakecall.R$string
com.libowen.fakecall.R$style
com.libowen.fakecall.R
com.libowen.fakecall.domain.model.CallerInfo:
    public static final int $stable
    public synthetic void <init>(java.lang.String,java.lang.String,java.lang.String,java.lang.String,int,kotlin.jvm.internal.DefaultConstructorMarker)
    public final java.lang.String component1()
    public final java.lang.String component2()
    public final java.lang.String component3()
    public final java.lang.String component4()
    public final com.libowen.fakecall.domain.model.CallerInfo copy(java.lang.String,java.lang.String,java.lang.String,java.lang.String)
    public static synthetic com.libowen.fakecall.domain.model.CallerInfo copy$default(com.libowen.fakecall.domain.model.CallerInfo,java.lang.String,java.lang.String,java.lang.String,java.lang.String,int,java.lang.Object)
com.libowen.fakecall.domain.model.FakeCallConfig
com.libowen.fakecall.domain.repository.CallerRepository:
    public abstract java.lang.Object clearDefault(kotlin.coroutines.Continuation)
com.libowen.fakecall.domain.repository.SettingsRepository:
    public abstract kotlinx.coroutines.flow.Flow getDefaultDelayMs()
    public abstract kotlinx.coroutines.flow.Flow getFakeAudioEnabled()
    public abstract kotlinx.coroutines.flow.Flow getRingtoneUri()
    public abstract java.lang.Object setDefaultDelayMs(long,kotlin.coroutines.Continuation)
    public abstract java.lang.Object setFakeAudioEnabled(boolean,kotlin.coroutines.Continuation)
    public abstract java.lang.Object setRingtoneUri(java.lang.String,kotlin.coroutines.Continuation)
com.libowen.fakecall.domain.usecase.CancelFakeCallUseCase_Factory
com.libowen.fakecall.domain.usecase.GenerateRandomCallerUseCase_Factory$InstanceHolder
com.libowen.fakecall.domain.usecase.GenerateRandomCallerUseCase_Factory
com.libowen.fakecall.domain.usecase.GetCallerInfoUseCase_Factory
com.libowen.fakecall.domain.usecase.SaveCallerPresetUseCase:
    public final java.lang.Object invoke(com.libowen.fakecall.domain.model.CallerInfo,kotlin.coroutines.Continuation)
com.libowen.fakecall.domain.usecase.SaveCallerPresetUseCase_Factory
com.libowen.fakecall.domain.usecase.ScheduleFakeCallUseCase_Factory
com.libowen.fakecall.system.AlarmHelper:
    public static final java.lang.String EXTRA_CALLER_AVATAR
    public static final java.lang.String EXTRA_CALLER_ID
    public static final java.lang.String EXTRA_CALLER_NAME
    public static final java.lang.String EXTRA_CALLER_NUMBER
    private static final long IMMEDIATE_THRESHOLD_MS
    public static final int REQUEST_CODE
...
androidx.compose.material.icons.automirrored.twotone.DirectionsBikeKt
androidx.compose.material.icons.automirrored.twotone.DirectionsRunKt
androidx.compose.material.icons.automirrored.twotone.DirectionsWalkKt
androidx.compose.material.icons.automirrored.twotone.DriveFileMoveKt
androidx.compose.material.icons.automirrored.twotone.DvrKt
androidx.compose.material.icons.automirrored.twotone.EventNoteKt
androidx.compose.material.icons.automirrored.twotone.ExitToAppKt
androidx.compose.material.icons.automirrored.twotone.FactCheckKt
androidx.compose.material.icons.automirrored.twotone.FeaturedPlayListKt
androidx.compose.material.icons.automirrored.twotone.FeaturedVideoKt
androidx.compose.material.icons.automirrored.twotone.FeedKt
androidx.compose.material.icons.automirrored.twotone.FollowTheSignsKt
androidx.compose.material.icons.automirrored.twotone.FormatAlignLeftKt
androidx.compose.material.icons.automirrored.twotone.FormatAlignRightKt
androidx.compose.material.icons.automirrored.twotone.FormatIndentDecreaseKt
androidx.compose.material.icons.automirrored.twotone.FormatIndentIncreaseKt
androidx.compose.material.icons.automirrored.twotone.FormatListBulletedKt
androidx.compose.material.icons.automirrored.twotone.FormatTextdirectionLToRKt
androidx.compose.material.icons.automirrored.twotone.FormatTextdirectionRToLKt
androidx.compose.material.icons.automirrored.twotone.ForwardKt
androidx.compose.material.icons.automirrored.twotone.ForwardToInboxKt
androidx.compose.material.icons.automirrored.twotone.GradingKt
androidx.compose.material.icons.automirrored.twotone.HelpCenterKt
androidx.compose.material.icons.automirrored.twotone.HelpKt
androidx.compose.material.icons.automirrored.twotone.HelpOutlineKt
androidx.compose.material.icons.automirrored.twotone.InputKt
androidx.compose.material.icons.automirrored.twotone.InsertCommentKt
androidx.compose.material.icons.automirrored.twotone.InsertDriveFileKt
androidx.compose.material.icons.automirrored.twotone.KeyboardArrowLeftKt
androidx.compose.material.icons.automirrored.twotone.KeyboardArrowRightKt
androidx.compose.material.icons.automirrored.twotone.KeyboardBackspaceKt
androidx.compose.material.icons.automirrored.twotone.KeyboardReturnKt
androidx.compose.material.icons.automirrored.twotone.KeyboardTabKt
androidx.compose.material.icons.automirrored.twotone.LabelImportantKt
androidx.compose.material.icons.automirrored.twotone.LabelKt
androidx.compose.material.icons.automirrored.twotone.LabelOffKt
androidx.compose.material.icons.automirrored.twotone.LastPageKt
androidx.compose.material.icons.automirrored.twotone.LaunchKt
androidx.compose.material.icons.automirrored.twotone.LibraryBooksKt
androidx.compose.material.icons.automirrored.twotone.ListAltKt
androidx.compose.material.icons.automirrored.twotone.ListKt
androidx.compose.material.icons.automirrored.twotone.LiveHelpKt
androidx.compose.material.icons.automirrored.twotone.LoginKt
androidx.compose.material.icons.automirrored.twotone.LogoutKt
androidx.compose.material.icons.automirrored.twotone.ManageSearchKt
androidx.compose.material.icons.automirrored.twotone.MenuBookKt
androidx.compose.material.icons.automirrored.twotone.MenuOpenKt
androidx.compose.material.icons.automirrored.twotone.MergeTypeKt
androidx.compose.material.icons.automirrored.twotone.MessageKt
androidx.compose.material.icons.automirrored.twotone.MissedVideoCallKt
androidx.compose.material.icons.automirrored.twotone.MobileScreenShareKt
androidx.compose.material.icons.automirrored.twotone.MoreKt
androidx.compose.material.icons.automirrored.twotone.MultilineChartKt
androidx.compose.material.icons.automirrored.twotone.NavigateBeforeKt
androidx.compose.material.icons.automirrored.twotone.NavigateNextKt
androidx.compose.material.icons.automirrored.twotone.NextPlanKt
androidx.compose.material.icons.automirrored.twotone.NextWeekKt
androidx.compose.material.icons.automirrored.twotone.NotListedLocationKt
androidx.compose.material.icons.automirrored.twotone.NoteAddKt